<?xml version="1.0" encoding="UTF-8"?>
<!-- Generated by org.testng.reporters.JUnitReportReporter -->
<testsuite hostname="DELL" name="newpackage.Test1" tests="2" failures="0" timestamp="31 Jan 2018 08:25:49 GMT" time="12.034" errors="0">
  <testcase name="verifylogin" time="0.304" classname="newpackage.Test1"/>
  <testcase name="verifyURL" time="11.730" classname="newpackage.Test1"/>
</testsuite> <!-- newpackage.Test1 -->
