<?xml version="1.0" encoding="UTF-8"?>
<!-- Generated by org.testng.reporters.JUnitReportReporter -->
<testsuite hostname="DELL" name="newpackage.NewClass" tests="2" failures="0" timestamp="19 Jan 2018 06:17:53 GMT" time="0.000" errors="0">
  <testcase name="m6" time="0.000" classname="newpackage.NewClass"/>
  <testcase name="m5" time="0.000" classname="newpackage.NewClass"/>
</testsuite> <!-- newpackage.NewClass -->
